username,dts,page,module,remark1,remark2
guest,2022-04-02 18:28:56,C:/Users/259699/Desktop/rshinymvc,AppBodyContent-AppPages-bbAccessLogPageModule-name,,
guest,2022-04-02 18:45:40,C:/Users/259699/Desktop/rshinymvc,AppBodyContent-AppPages-aaMainPageModule-name,,
guest,2022-04-03 18:45:40,C:/Users/259699/Desktop/rshinymvc,AppBodyContent-AppPages-bbAccessLogPageModule-name,,
guest,2022-04-03 18:55:51,C:/Users/259699/Desktop/rshinymvc,AppBodyContent-AppPages-aaMainPageModule-name,,
guest,2022-04-03 18:55:51,C:/Users/259699/Desktop/rshinymvc,AppBodyContent-AppPages-bbAccessLogPageModule-name,,
guest,2022-04-03 18:58:29,C:/Users/259699/Desktop/rshinymvc,AppBodyContent-AppPages-aaMainPageModule-name,,
guest,2022-04-03 18:58:29,C:/Users/259699/Desktop/rshinymvc,AppBodyContent-AppPages-bbAccessLogPageModule-name,,
guest,2022-04-03 19:00:34,C:/Users/259699/Desktop/rshinymvc,AppBodyContent-AppPages-aaMainPageModule-name,,
guest,2022-04-03 19:00:34,C:/Users/259699/Desktop/rshinymvc,AppBodyContent-AppPages-bbAccessLogPageModule-name,,
guest,2022-04-03 19:14:23,C:/Users/259699/Desktop/rshinymvc,AppBodyContent-AppPages-aaMainPageModule-name,,
guest,2022-04-03 19:14:23,C:/Users/259699/Desktop/rshinymvc,AppBodyContent-AppPages-bbAccessLogPageModule-name,,
guest,2022-04-03 19:15:10,C:/Users/259699/Desktop/rshinymvc,AppBodyContent-AppPages-aaMainPageModule-name,,
guest,2022-04-03 19:15:10,C:/Users/259699/Desktop/rshinymvc,AppBodyContent-AppPages-bbAccessLogPageModule-name,,
guest,2022-04-03 19:16:38,C:/Users/259699/Desktop/rshinymvc,AppBodyContent-AppPages-aaMainPageModule-name,,
guest,2022-04-03 19:16:38,C:/Users/259699/Desktop/rshinymvc,AppBodyContent-AppPages-bbAccessLogPageModule-name,,
guest,2022-04-03 19:18:14,C:/Users/259699/Desktop/rshinymvc,AppBodyContent-AppPages-aaMainPageModule-name,,
guest,2022-04-03 19:18:14,C:/Users/259699/Desktop/rshinymvc,AppBodyContent-AppPages-bbAccessLogPageModule-name,,
guest,2022-04-03 19:20:02,C:/Users/259699/Desktop/rshinymvc,AppBodyContent-AppPages-aaMainPageModule-name,,
guest,2022-04-03 19:20:02,C:/Users/259699/Desktop/rshinymvc,AppBodyContent-AppPages-bbAccessLogPageModule-name,,
guest,2022-04-03 19:34:34,C:/Users/259699/Desktop/rshinymvc,AppBodyContent-AppPages-aaMainPageModule-name,,
guest,2022-04-03 19:34:34,C:/Users/259699/Desktop/rshinymvc,AppBodyContent-AppPages-bbAccessLogPageModule-name,,
guest,2022-04-03 19:35:36,C:/Users/259699/Desktop/rshinymvc,AppBodyContent-AppPages-aaMainPageModule-name,,
guest,2022-04-03 19:35:36,C:/Users/259699/Desktop/rshinymvc,AppBodyContent-AppPages-bbAccessLogPageModule-name,,
guest,2022-04-03 19:36:07,C:/Users/259699/Desktop/rshinymvc,AppBodyContent-AppPages-aaMainPageModule-name,,
guest,2022-04-03 19:36:07,C:/Users/259699/Desktop/rshinymvc,AppBodyContent-AppPages-bbAccessLogPageModule-name,,
guest,2022-04-03 19:36:39,C:/Users/259699/Desktop/rshinymvc,AppBodyContent-AppPages-aaMainPageModule-name,,
guest,2022-04-03 19:36:39,C:/Users/259699/Desktop/rshinymvc,AppBodyContent-AppPages-bbAccessLogPageModule-name,,
guest,2022-04-03 19:45:41,C:/Users/259699/Desktop/rshinymvc,AppBodyContent-AppPages-aaMainPageModule-name,,
guest,2022-04-03 19:45:41,C:/Users/259699/Desktop/rshinymvc,AppBodyContent-AppPages-bbAccessLogPageModule-name,,
guest,2022-04-03 19:45:59,C:/Users/259699/Desktop/rshinymvc,AppBodyContent-AppPages-aaMainPageModule-name,,
guest,2022-04-03 19:45:59,C:/Users/259699/Desktop/rshinymvc,AppBodyContent-AppPages-bbAccessLogPageModule-name,,
guest,2022-04-03 19:47:25,C:/Users/259699/Desktop/rshinymvc,AppBodyContent-AppPages-aaMainPageModule-name,,
guest,2022-04-03 19:47:25,C:/Users/259699/Desktop/rshinymvc,AppBodyContent-AppPages-bbAccessLogPageModule-name,,
guest,2022-04-03 19:47:55,C:/Users/259699/Desktop/rshinymvc,AppBodyContent-AppPages-aaMainPageModule-name,,
guest,2022-04-03 19:47:55,C:/Users/259699/Desktop/rshinymvc,AppBodyContent-AppPages-bbAccessLogPageModule-name,,
guest,2022-04-03 19:49:05,C:/Users/259699/Desktop/rshinymvc,AppBodyContent-AppPages-aaMainPageModule-name,,
guest,2022-04-03 19:49:05,C:/Users/259699/Desktop/rshinymvc,AppBodyContent-AppPages-bbAccessLogPageModule-name,,
guest,2022-04-03 19:49:09,C:/Users/259699/Desktop/rshinymvc,AppBodyContent-AppPages-aaMainPageModule-name,,
guest,2022-04-03 19:49:09,C:/Users/259699/Desktop/rshinymvc,AppBodyContent-AppPages-bbAccessLogPageModule-name,,
guest,2022-04-03 19:49:14,C:/Users/259699/Desktop/rshinymvc,AppBodyContent-AppPages-aaMainPageModule-name,,
guest,2022-04-03 19:49:14,C:/Users/259699/Desktop/rshinymvc,AppBodyContent-AppPages-bbAccessLogPageModule-name,,
guest,2022-04-03 19:49:22,C:/Users/259699/Desktop/rshinymvc,AppBodyContent-AppPages-aaMainPageModule-name,,
guest,2022-04-03 19:49:22,C:/Users/259699/Desktop/rshinymvc,AppBodyContent-AppPages-bbAccessLogPageModule-name,,
guest,2022-04-03 19:50:26,C:/Users/259699/Desktop/rshinymvc,AppBodyContent-AppPages-aaMainPageModule-name,,
guest,2022-04-03 19:50:26,C:/Users/259699/Desktop/rshinymvc,AppBodyContent-AppPages-bbAccessLogPageModule-name,,
guest,2022-04-03 19:50:30,C:/Users/259699/Desktop/rshinymvc,AppBodyContent-AppPages-aaMainPageModule-name,,
guest,2022-04-03 19:50:30,C:/Users/259699/Desktop/rshinymvc,AppBodyContent-AppPages-bbAccessLogPageModule-name,,
guest,2022-04-03 19:51:51,C:/Users/259699/Desktop/rshinymvc,AppBodyContent-AppPages-aaMainPageModule-name,,
guest,2022-04-03 19:51:51,C:/Users/259699/Desktop/rshinymvc,AppBodyContent-AppPages-bbAccessLogPageModule-name,,
guest,2022-04-03 19:52:36,C:/Users/259699/Desktop/rshinymvc,AppBodyContent-AppPages-aaMainPageModule-name,,
guest,2022-04-03 19:52:36,C:/Users/259699/Desktop/rshinymvc,AppBodyContent-AppPages-bbAccessLogPageModule-name,,
guest,2022-04-03 19:52:41,C:/Users/259699/Desktop/rshinymvc,AppBodyContent-AppPages-aaMainPageModule-name,,
guest,2022-04-03 19:52:41,C:/Users/259699/Desktop/rshinymvc,AppBodyContent-AppPages-bbAccessLogPageModule-name,,
guest,2022-04-03 20:03:30,C:/Users/259699/Desktop/rshinymvc,AppBodyContent-AppPages-aaMainPageModule-name,,
guest,2022-04-03 20:03:30,C:/Users/259699/Desktop/rshinymvc,AppBodyContent-AppPages-bbAccessLogPageModule-name,,
guest,2022-04-03 20:03:57,C:/Users/259699/Desktop/rshinymvc,AppBodyContent-AppPages-aaMainPageModule-name,,
guest,2022-04-03 20:03:57,C:/Users/259699/Desktop/rshinymvc,AppBodyContent-AppPages-bbAccessLogPageModule-name,,
guest,2022-04-03 20:04:33,C:/Users/259699/Desktop/rshinymvc,AppBodyContent-AppPages-aaMainPageModule-name,,
guest,2022-04-03 20:04:33,C:/Users/259699/Desktop/rshinymvc,AppBodyContent-AppPages-bbAccessLogPageModule-name,,
guest,2022-04-03 20:04:52,C:/Users/259699/Desktop/rshinymvc,AppBodyContent-AppPages-aaMainPageModule-name,,
guest,2022-04-03 20:04:52,C:/Users/259699/Desktop/rshinymvc,AppBodyContent-AppPages-bbAccessLogPageModule-name,,
guest,2022-04-03 20:05:05,C:/Users/259699/Desktop/rshinymvc,AppBodyContent-AppPages-aaMainPageModule-name,,
guest,2022-04-03 20:05:05,C:/Users/259699/Desktop/rshinymvc,AppBodyContent-AppPages-bbAccessLogPageModule-name,,
guest,2022-04-03 20:11:00,C:/Users/259699/Desktop/rshinymvc,AppBodyContent-AppPages-aaMainPageModule-name,,
guest,2022-04-03 20:11:00,C:/Users/259699/Desktop/rshinymvc,AppBodyContent-AppPages-bbAccessLogPageModule-name,,
guest,2022-04-03 20:11:22,C:/Users/259699/Desktop/rshinymvc,AppBodyContent-AppPages-aaMainPageModule-name,,
guest,2022-04-03 20:11:22,C:/Users/259699/Desktop/rshinymvc,AppBodyContent-AppPages-bbAccessLogPageModule-name,,
guest,2022-04-03 20:13:50,C:/Users/259699/Desktop/rshinymvc,AppBodyContent-AppPages-aaMainPageModule-name,,
guest,2022-04-03 20:13:50,C:/Users/259699/Desktop/rshinymvc,AppBodyContent-AppPages-bbAccessLogPageModule-name,,
guest,2022-04-03 20:13:57,C:/Users/259699/Desktop/rshinymvc,AppBodyContent-AppPages-aaMainPageModule-name,,
guest,2022-04-03 20:13:57,C:/Users/259699/Desktop/rshinymvc,AppBodyContent-AppPages-bbAccessLogPageModule-name,,
guest,2022-04-03 20:15:03,C:/Users/259699/Desktop/rshinymvc,AppBodyContent-AppPages-aaMainPageModule-name,,
guest,2022-04-03 20:15:03,C:/Users/259699/Desktop/rshinymvc,AppBodyContent-AppPages-bbAccessLogPageModule-name,,
guest,2022-04-03 20:15:42,C:/Users/259699/Desktop/rshinymvc,AppBodyContent-AppPages-aaMainPageModule-name,,
guest,2022-04-03 20:15:42,C:/Users/259699/Desktop/rshinymvc,AppBodyContent-AppPages-bbAccessLogPageModule-name,,
guest,2022-04-03 21:16:59,C:/Users/259699/Desktop/rshinymvc,AppBodyContent-AppPages-aaMainPageModule-name,,
guest,2022-04-03 21:16:59,C:/Users/259699/Desktop/rshinymvc,AppBodyContent-AppPages-bbAccessLogPageModule-name,,
guest,2022-04-03 21:17:07,C:/Users/259699/Desktop/rshinymvc,AppBodyContent-AppPages-aaMainPageModule-name,,
guest,2022-04-03 21:17:07,C:/Users/259699/Desktop/rshinymvc,AppBodyContent-AppPages-bbAccessLogPageModule-name,,
guest,2022-04-03 23:00:52,C:/Users/259699/Desktop/rshinymvc,AppBodyContent-AppPages-aaMainPageModule-name,,
guest,2022-04-03 23:00:52,C:/Users/259699/Desktop/rshinymvc,AppBodyContent-AppPages-bbAccessLogPageModule-name,,
guest,2022-04-03 23:34:44,C:/Users/259699/Desktop/rshinymvc,AppBodyContent-AppPages-aaMainPageModule-name,,
guest,2022-04-03 23:34:44,C:/Users/259699/Desktop/rshinymvc,AppBodyContent-AppPages-bbAccessLogPageModule-name,,
guest,2022-04-04 00:58:27,C:/Users/259699/Desktop/rshinymvc,AppBodyContent-AppPages-aaMainPageModule-name,,
guest,2022-04-04 00:58:28,C:/Users/259699/Desktop/rshinymvc,AppBodyContent-AppPages-aaMainPageModule-name,,
guest,2022-04-04 00:58:28,C:/Users/259699/Desktop/rshinymvc,AppBodyContent-AppPages-zbWidgetAccessLogPageModule-name,,
guest,2022-04-04 01:02:11,C:/Users/259699/Desktop/rshinymvc,AppBodyContent-AppPages-aaMainPageModule-name,,
guest,2022-04-04 01:02:11,C:/Users/259699/Desktop/rshinymvc,AppBodyContent-AppPages-zbWidgetAccessLogPageModule-name,,
guest,2022-04-04 01:02:13,C:/Users/259699/Desktop/rshinymvc,AppBodyContent-AppPages-aaMainPageModule-name,,
guest,2022-04-04 01:02:13,C:/Users/259699/Desktop/rshinymvc,AppBodyContent-AppPages-zbWidgetAccessLogPageModule-name,,
guest,2022-04-04 01:19:44,C:/Users/259699/Desktop/rshinymvc,AppBodyContent-AppPages-aaMainPageModule-name,,
guest,2022-04-04 01:19:44,C:/Users/259699/Desktop/rshinymvc,AppBodyContent-AppPages-zbWidgetAccessLogPageModule-name,,
guest,2022-04-04 01:24:18,C:/Users/259699/Desktop/rshinymvc,AppBodyContent-AppPages-aaMainPageModule-name,,
guest,2022-04-04 01:24:18,C:/Users/259699/Desktop/rshinymvc,AppBodyContent-AppPages-zbWidgetAccessLogPageModule-name,,
guest,2022-04-04 01:25:21,C:/Users/259699/Desktop/rshinymvc,AppBodyContent-AppPages-aaMainPageModule-name,,
guest,2022-04-04 01:25:21,C:/Users/259699/Desktop/rshinymvc,AppBodyContent-AppPages-zbWidgetAccessLogPageModule-name,,
guest,2022-04-04 01:27:24,C:/Users/259699/Desktop/rshinymvc,AppBodyContent-AppPages-aaMainPageModule-name,,
guest,2022-04-04 01:27:24,C:/Users/259699/Desktop/rshinymvc,AppBodyContent-AppPages-zbWidgetAccessLogPageModule-name,,
guest,2022-04-04 01:44:31,C:/Users/259699/Desktop/rshinymvc,AppBodyContent-AppPages-aaMainPageModule-name,,
guest,2022-04-04 01:44:31,C:/Users/259699/Desktop/rshinymvc,AppBodyContent-AppPages-abContentPageModule-name,,
guest,2022-04-04 01:44:31,C:/Users/259699/Desktop/rshinymvc,AppBodyContent-AppPages-zbWidgetAccessLogPageModule-name,,
guest,2022-04-04 01:55:54,C:/Users/259699/Desktop/rshinymvc,AppBodyContent-AppPages-aaMainPageModule-name,,
guest,2022-04-04 01:55:54,C:/Users/259699/Desktop/rshinymvc,AppBodyContent-AppPages-abContentPageModule-name,,
guest,2022-04-04 01:55:54,C:/Users/259699/Desktop/rshinymvc,AppBodyContent-AppPages-zbWidgetAccessLogPageModule-name,,
guest,2022-04-04 02:04:34,C:/Users/259699/Desktop/rshinymvc,AppBodyContent-AppPages-aaMainPageModule-name,,
guest,2022-04-04 02:04:34,C:/Users/259699/Desktop/rshinymvc,AppBodyContent-AppPages-zbWidgetAccessLogPageModule-name,,
guest,2022-04-04 02:06:56,C:/Users/259699/Desktop/rshinymvc,aaMain,,
guest,2022-04-04 02:06:56,C:/Users/259699/Desktop/rshinymvc,AppBodyContent-AppPages-zbWidgetAccessLogPageModule-name,,
guest,2022-04-04 02:09:06,C:/Users/259699/Desktop/rshinymvc,aaMain,,
guest,2022-04-04 02:09:06,C:/Users/259699/Desktop/rshinymvc,AppBodyContent-AppPages-zbWidgetAccessLogPageModule-name,,
guest,2022-04-04 23:26:31,C:/Users/259699/Desktop/rshinymvc,aaMain,,
guest,2022-04-04 23:26:31,C:/Users/259699/Desktop/rshinymvc,AppBodyContent-AppPages-abContentPageModule-name,,
guest,2022-04-04 23:26:31,C:/Users/259699/Desktop/rshinymvc,AppBodyContent-AppPages-zbWidgetAccessLogPageModule-name,,
guest,2022-04-05 01:33:25,C:/Users/259699/Desktop/rshinymvc,aaMain,,
guest,2022-04-05 01:33:25,C:/Users/259699/Desktop/rshinymvc,AppBodyContent-AppPages-abContentPageModule-name,,
guest,2022-04-05 01:33:25,C:/Users/259699/Desktop/rshinymvc,AppBodyContent-AppPages-zbWidgetAccessLogPageModule-name,,
guest,2022-04-05 03:32:55,C:/Users/259699/Desktop/rshinymvc,aaMain,,
guest,2022-04-05 03:32:55,C:/Users/259699/Desktop/rshinymvc,AppBodyContent-AppPages-abContentPageModule-name,,
guest,2022-04-05 03:32:55,C:/Users/259699/Desktop/rshinymvc,AppBodyContent-AppPages-zbWidgetAccessLogPageModule-name,,
guest,2022-04-05 03:40:44,C:/Users/259699/Desktop/rshinymvc,aaMain,,
guest,2022-04-05 03:40:44,C:/Users/259699/Desktop/rshinymvc,AppBodyContent-AppPages-abContentPageModule-name,,
guest,2022-04-05 03:40:44,C:/Users/259699/Desktop/rshinymvc,AppBodyContent-AppPages-zbWidgetAccessLogPageModule-name,,
guest,2022-04-05 03:41:54,C:/Users/259699/Desktop/rshinymvc,aaMain,,
guest,2022-04-05 03:41:54,C:/Users/259699/Desktop/rshinymvc,AppBodyContent-AppPages-abContentPageModule-name,,
guest,2022-04-05 03:41:54,C:/Users/259699/Desktop/rshinymvc,AppBodyContent-AppPages-zbWidgetAccessLogPageModule-name,,
guest,2022-04-05 03:43:13,C:/Users/259699/Desktop/rshinymvc,aaMain,,
guest,2022-04-05 03:43:13,C:/Users/259699/Desktop/rshinymvc,AppBodyContent-AppPages-abContentPageModule-name,,
guest,2022-04-05 03:43:13,C:/Users/259699/Desktop/rshinymvc,AppBodyContent-AppPages-zbWidgetAccessLogPageModule-name,,
guest,2022-04-05 03:47:44,C:/Users/259699/Desktop/rshinymvc,aaMain,,
guest,2022-04-05 03:47:44,C:/Users/259699/Desktop/rshinymvc,AppBodyContent-AppPages-abContentPageModule-name,,
guest,2022-04-05 03:47:44,C:/Users/259699/Desktop/rshinymvc,AppBodyContent-AppPages-zbWidgetAccessLogPageModule-name,,
guest,2022-04-05 03:53:16,C:/Users/259699/Desktop/rshinymvc,aaMain,,
guest,2022-04-05 03:53:17,C:/Users/259699/Desktop/rshinymvc,AppBodyContent-AppPages-abContentPageModule-name,,
guest,2022-04-05 03:53:17,C:/Users/259699/Desktop/rshinymvc,AppBodyContent-AppPages-zbWidgetAccessLogPageModule-name,,
guest,2022-04-05 03:53:55,C:/Users/259699/Desktop/rshinymvc,aaMain,,
guest,2022-04-05 03:53:55,C:/Users/259699/Desktop/rshinymvc,AppBodyContent-AppPages-abContentPageModule-name,,
guest,2022-04-05 03:53:55,C:/Users/259699/Desktop/rshinymvc,AppBodyContent-AppPages-zbWidgetAccessLogPageModule-name,,
guest,2022-04-05 03:56:28,C:/Users/259699/Desktop/rshinymvc,aaMain,,
guest,2022-04-05 03:56:28,C:/Users/259699/Desktop/rshinymvc,AppBodyContent-AppPages-abContentPageModule-name,,
guest,2022-04-05 03:56:28,C:/Users/259699/Desktop/rshinymvc,AppBodyContent-AppPages-zbWidgetAccessLogPageModule-name,,
guest,2022-04-05 03:56:35,C:/Users/259699/Desktop/rshinymvc,aaMain,,
guest,2022-04-05 03:56:35,C:/Users/259699/Desktop/rshinymvc,AppBodyContent-AppPages-abContentPageModule-name,,
guest,2022-04-05 03:56:35,C:/Users/259699/Desktop/rshinymvc,AppBodyContent-AppPages-zbWidgetAccessLogPageModule-name,,
guest,2022-04-05 03:56:44,C:/Users/259699/Desktop/rshinymvc,aaMain,,
guest,2022-04-05 03:56:44,C:/Users/259699/Desktop/rshinymvc,AppBodyContent-AppPages-abContentPageModule-name,,
guest,2022-04-05 03:56:44,C:/Users/259699/Desktop/rshinymvc,AppBodyContent-AppPages-zbWidgetAccessLogPageModule-name,,
guest,2022-04-05 16:53:02,C:/Users/259699/Desktop/rshinymvc,aaMain,,
guest,2022-04-05 16:53:02,C:/Users/259699/Desktop/rshinymvc,AppBodyContent-AppPages-abContentPageModule-name,,
guest,2022-04-05 16:53:02,C:/Users/259699/Desktop/rshinymvc,AppBodyContent-AppPages-zbWidgetAccessLogPageModule-name,,
guest,2022-04-05 16:59:14,C:/Users/259699/Desktop/rshinymvc,aaMain,,
guest,2022-04-05 16:59:14,C:/Users/259699/Desktop/rshinymvc,AppBodyContent-AppPages-abContentPageModule-name,,
guest,2022-04-05 16:59:14,C:/Users/259699/Desktop/rshinymvc,AppBodyContent-AppPages-zbWidgetAccessLogPageModule-name,,
guest,2022-04-05 17:09:45,C:/Users/259699/Desktop/rshinymvc,aaMain,,
guest,2022-04-05 17:09:45,C:/Users/259699/Desktop/rshinymvc,AppBodyContent-AppPages-abContentPageModule-name,,
guest,2022-04-05 17:09:45,C:/Users/259699/Desktop/rshinymvc,AppBodyContent-AppPages-zbWidgetAccessLogPageModule-name,,
guest,2022-04-05 18:28:39,C:/Users/259699/Desktop/rshinymvc,aaMain,,
guest,2022-04-05 18:28:39,C:/Users/259699/Desktop/rshinymvc,AppBodyContent-AppPages-abContentPageModule-name,,
guest,2022-04-05 18:28:39,C:/Users/259699/Desktop/rshinymvc,AppBodyContent-AppPages-zbWidgetAccessLogPageModule-name,,
guest,2022-04-05 18:29:03,C:/Users/259699/Desktop/rshinymvc,aaMain,,
guest,2022-04-05 18:29:03,C:/Users/259699/Desktop/rshinymvc,AppBodyContent-AppPages-abContentPageModule-name,,
guest,2022-04-05 18:29:03,C:/Users/259699/Desktop/rshinymvc,AppBodyContent-AppPages-zbWidgetAccessLogPageModule-name,,
guest,2022-04-05 18:31:15,C:/Users/259699/Desktop/rshinymvc,aaMain,,
guest,2022-04-05 18:31:15,C:/Users/259699/Desktop/rshinymvc,AppBodyContent-AppPages-abContentPageModule-name,,
guest,2022-04-05 18:31:15,C:/Users/259699/Desktop/rshinymvc,AppBodyContent-AppPages-zbWidgetAccessLogPageModule-name,,
guest,2022-04-05 18:31:48,C:/Users/259699/Desktop/rshinymvc,aaMain,,
guest,2022-04-05 18:31:48,C:/Users/259699/Desktop/rshinymvc,AppBodyContent-AppPages-abContentPageModule-name,,
guest,2022-04-05 18:31:48,C:/Users/259699/Desktop/rshinymvc,AppBodyContent-AppPages-zbWidgetAccessLogPageModule-name,,
guest,2022-04-05 18:34:36,C:/Users/259699/Desktop/rshinymvc,aaMain,,
guest,2022-04-05 18:34:36,C:/Users/259699/Desktop/rshinymvc,AppBodyContent-AppPages-abContentPageModule-name,,
guest,2022-04-05 18:34:36,C:/Users/259699/Desktop/rshinymvc,AppBodyContent-AppPages-zbWidgetAccessLogPageModule-name,,
guest,2022-04-05 18:35:58,C:/Users/259699/Desktop/rshinymvc,aaMain,,
guest,2022-04-05 18:35:58,C:/Users/259699/Desktop/rshinymvc,AppBodyContent-AppPages-abContentPageModule-name,,
guest,2022-04-05 18:35:58,C:/Users/259699/Desktop/rshinymvc,AppBodyContent-AppPages-zbWidgetAccessLogPageModule-name,,
guest,2022-04-05 18:38:22,C:/Users/259699/Desktop/rshinymvc,aaMain,,
guest,2022-04-05 18:38:22,C:/Users/259699/Desktop/rshinymvc,AppBodyContent-AppPages-abContentPageModule-name,,
guest,2022-04-05 18:38:22,C:/Users/259699/Desktop/rshinymvc,AppBodyContent-AppPages-zbWidgetAccessLogPageModule-name,,
guest,2022-04-05 18:41:59,C:/Users/259699/Desktop/rshinymvc,aaMain,,
guest,2022-04-05 18:41:59,C:/Users/259699/Desktop/rshinymvc,AppBodyContent-AppPages-abContentPageModule-name,,
guest,2022-04-05 18:41:59,C:/Users/259699/Desktop/rshinymvc,AppBodyContent-AppPages-zbWidgetAccessLogPageModule-name,,
guest,2022-04-05 18:49:45,C:/Users/259699/Desktop/rshinymvc,aaMain,,
guest,2022-04-05 18:49:45,C:/Users/259699/Desktop/rshinymvc,AppBodyContent-AppPages-abContentPageModule-name,,
guest,2022-04-05 18:49:45,C:/Users/259699/Desktop/rshinymvc,AppBodyContent-AppPages-zbWidgetAccessLogPageModule-name,,
guest,2022-04-05 18:53:02,C:/Users/259699/Desktop/rshinymvc,aaMain,,
guest,2022-04-05 18:53:02,C:/Users/259699/Desktop/rshinymvc,AppBodyContent-AppPages-abContentPageModule-name,,
guest,2022-04-05 18:53:02,C:/Users/259699/Desktop/rshinymvc,AppBodyContent-AppPages-zbWidgetAccessLogPageModule-name,,
